Aba Vendas (TRANSAÇÃO SAP)(1).xlsx
Aba Produtos - lotes em trânsito (planilha da rede)(1).xlsx
Lotes estoque (TRANSAÇÃO SAP - bloqueados)(1).xlsx
Lotes estoque (TRANSAÇÃO SAP - todos os lotes)(1).xlsx
Aba Forecast (SAP IBP)(1).xlsx
Aba Colocado (planilha da rede-area de trabalho)(1).xlsx
Planejamento Biotech + Stilamin(1).xlsx
Arquivo-JDA_2_.xlsx

FN151201
  Forecast  EstoqueInicial CoberturaInicial
0   1109.0            39.0            3.52%
1   1128.0          1050.0           93.09%
2   1190.0          1956.0          164.37%
3   1123.0          2566.0          228.50%
4   1319.0          1443.0          109.40%
5   1312.0          2104.0          160.37%
F75D1201
  Forecast  EstoqueInicial CoberturaInicial
0   1211.0            39.0            3.22%
1   1373.0           936.0           68.17%
2   1219.0          -437.0          -35.85%
3   1413.0           -24.0           -1.70%
4   1430.0          1181.0           82.59%
5   1473.0          1995.0          135.44%
FN131201
  Forecast  EstoqueInicial CoberturaInicial
0   6019.0            39.0            0.65%
1   4987.0         -5980.0         -119.91%
2  19675.0           485.0            2.47%
3   5067.0        -17030.0         -336.10%
4   7336.0         -6545.0          -89.22%
5   7374.0          1239.0           16.80%
F55A12A1
  Forecast  EstoqueInicial CoberturaInicial
0   5180.0            39.0            0.75%
1   6405.0         -5141.0          -80.27%
2   5576.0        -11546.0         -207.07%
3   6500.0         -2129.0          -32.75%
4   6200.0         -3829.0          -61.76%
5   6800.0         -4707.0          -69.22%
FCB11211
  Forecast  EstoqueInicial CoberturaInicial
0    213.0            39.0           18.31%
1    242.0          -174.0          -71.90%
2    255.0            32.0           12.55%
3    260.0           417.0          160.38%
4    276.0           509.0          184.42%
5    292.0           801.0          274.32%
FCB11221
  Forecast  EstoqueInicial CoberturaInicial
0      0.0            39.0             inf%
1      0.0            39.0             inf%
2      0.0            39.0             inf%
3      0.0            39.0             inf%
4      0.0            39.0             inf%
5      0.0            39.0             inf%
FTP11201
  Forecast  EstoqueInicial CoberturaInicial
0      9.0            39.0          433.33%
1     10.0            30.0          300.00%
2     12.0            20.0          166.67%
3     13.0            27.0          207.69%
4     15.0            14.0           93.33%
5     16.0            -1.0           -6.25%
F56B12A3
  Forecast  EstoqueInicial CoberturaInicial
0    570.0            39.0            6.84%
1    645.0          -531.0          -82.33%
2    702.0          2244.0          319.66%
3    826.0          1542.0          186.68%
4    815.0          4516.0          554.11%
5    848.0          3701.0          436.44%
F56B1201
  Forecast  EstoqueInicial CoberturaInicial
0      NaN            39.0             nan%
1      NaN            39.0             nan%
2      NaN             NaN             nan%
3      NaN             NaN             nan%
4      NaN             NaN             nan%
5      NaN             NaN             nan%
F1251201
  Forecast  EstoqueInicial CoberturaInicial
0   3078.0            39.0            1.27%
1   3314.0          4838.0          145.99%
2   3394.0          4554.0          134.18%
3   3053.0          4190.0          137.24%
4   3100.0          1137.0           36.68%
5   3190.0          5713.0          179.09%
F19D1207
  Forecast  EstoqueInicial CoberturaInicial
0    485.0            39.0            8.04%
1    468.0          -446.0          -95.30%
2    390.0          -302.0          -77.44%
3    458.0          -488.0         -106.55%
4    470.0           652.0          138.72%
5    484.0          1066.0          220.25%
F1991207
  Forecast  EstoqueInicial CoberturaInicial
0   2170.0            39.0            1.80%
1   1991.0         -2131.0         -107.03%
2   1874.0         -1368.0          -73.00%
3   1784.0          1382.0           77.47%
4   1912.0          3848.0          201.26%
5   1987.0          4622.0          232.61%
F1231201
  Forecast  EstoqueInicial CoberturaInicial
0   1673.0            39.0            2.33%
1   1838.0           574.0           31.23%
2   1771.0           958.0           54.09%
3   1394.0          1409.0          101.08%
4   2002.0          2237.0          111.74%
5   2485.0          2457.0           98.87%
F7591201
  Forecast  EstoqueInicial CoberturaInicial
0   6852.0            39.0            0.57%
1   8369.0           670.0            8.01%
2   7713.0          1277.0           16.56%
3   7747.0           223.0            2.88%
4   8361.0          4376.0           52.34%
5   8594.0         13967.0          162.52%
F6721201
  Forecast  EstoqueInicial CoberturaInicial
0      5.0            39.0          780.00%
1      5.0            34.0          680.00%
2      5.0            65.0         1300.00%
3      5.0            60.0         1200.00%
4      6.0            55.0          916.67%
5      8.0            49.0          612.50%
F54G1203
  Forecast  EstoqueInicial CoberturaInicial
0   2548.0            39.0            1.53%
1   3190.0          -503.0          -15.77%
2   2718.0           149.0            5.48%
3   3062.0          -869.0          -28.38%
4   3358.0           -21.0           -0.63%
5   3361.0           735.0           21.87%
F19B1207
  Forecast  EstoqueInicial CoberturaInicial
0    181.0            39.0           21.55%
1    160.0          -142.0          -88.75%
2    165.0            38.0           23.03%
3    190.0          -127.0          -66.84%
4    183.0           -45.0          -24.59%
5    189.0            44.0           23.28%
F75B1201
  Forecast  EstoqueInicial CoberturaInicial
0    262.0            39.0           14.89%
1    293.0           -19.0           -6.48%
2    210.0            28.0           13.33%
3    319.0           192.0           60.19%
4    355.0           689.0          194.08%
5    350.0          1218.0          348.00%
F1211201
  Forecast  EstoqueInicial CoberturaInicial
0    178.0            39.0           21.91%
1    232.0          1073.0          462.50%
2    260.0           841.0          323.46%
3    227.0           581.0          255.95%
4    324.0           354.0          109.26%
5    366.0            30.0            8.20%
F7541201
  Forecast  EstoqueInicial CoberturaInicial
0   1167.0            39.0            3.34%
1   1282.0          1418.0          110.61%
2   1043.0           136.0           13.04%
3   1264.0          -907.0          -71.76%
4   1342.0          1893.0          141.06%
5   1143.0           551.0           48.21%
F05512A1
  Forecast  EstoqueInicial CoberturaInicial
0     50.0            39.0           78.00%
1      0.0          -126.0            -inf%
2     50.0           244.0          488.00%
3     20.0           194.0          970.00%
4     50.0           174.0          348.00%
5      0.0           124.0             inf%
F0111201
  Forecast  EstoqueInicial CoberturaInicial
0   1015.0            39.0            3.84%
1   1200.0          1232.0          102.67%
2   1432.0            32.0            2.23%
3   1416.0          -292.0          -20.62%
4   1520.0          -892.0          -58.68%
5   1633.0           548.0           33.56%
F6741201
  Forecast  EstoqueInicial CoberturaInicial
0     10.0            39.0          390.00%
1     10.0            86.0          860.00%
2      8.0           148.0         1850.00%
3      9.0           140.0         1555.56%
4     11.0           131.0         1190.91%
5     12.0           177.0         1475.00%
F5151201
  Forecast  EstoqueInicial CoberturaInicial
0      NaN            39.0             nan%
1      NaN            39.0             nan%
2      NaN             NaN             nan%
3      NaN             NaN             nan%
4      NaN             NaN             nan%
5      NaN             NaN             nan%
nan
